<?xml version="1.0" encoding="UTF-8"?>
<!-- Generated by org.testng.reporters.JUnitXMLReporter -->
<testsuite ignored="0" hostname="Jp" failures="0" tests="3" name="testSauceLabs - chrome1" time="34.057" errors="0" timestamp="2022-04-13T16:33:20 PDT">
  <testcase classname="Tests.testGridOnSauceLabs" name="addToCart" time="3.294"/>
  <testcase classname="Tests.testGridOnSauceLabs" name="inventoryCount" time="3.041"/>
  <testcase classname="Tests.testGridOnSauceLabs" name="loginSauceLabs" time="2.946"/>
</testsuite> <!-- testSauceLabs - chrome1 -->
