<?xml version="1.0" encoding="UTF-8"?>
<!-- Generated by org.testng.reporters.JUnitXMLReporter -->
<testsuite ignored="0" hostname="Jp" failures="0" tests="3" name="testSauceLabs - chrome" time="37.659" errors="0" timestamp="2022-04-13T16:33:23 PDT">
  <testcase classname="Tests.testGridOnSauceLabs" name="addToCart" time="2.161"/>
  <testcase classname="Tests.testGridOnSauceLabs" name="inventoryCount" time="4.878"/>
  <testcase classname="Tests.testGridOnSauceLabs" name="loginSauceLabs" time="6.86"/>
</testsuite> <!-- testSauceLabs - chrome -->
