<?xml version="1.0" encoding="UTF-8"?>
<!-- Generated by org.testng.reporters.JUnitXMLReporter -->
<testsuite ignored="3" hostname="Jp" failures="0" tests="1" name="GroupTest" time="0.038" errors="0" timestamp="2022-03-23T21:16:24 PDT">
  <testcase classname="groupTest.NewTest" name="sanityOnly" time="0.006"/>
  <testcase classname="groupTest.NewTest" name="annotationTestMethod1" time="0.0">
    <ignored/>
  </testcase> <!-- annotationTestMethod1 -->
  <testcase classname="groupTest.NewTest" name="annotationTestMethod2" time="0.0">
    <ignored/>
  </testcase> <!-- annotationTestMethod2 -->
  <testcase classname="groupTest.NewTest" name="annotationTestMethod3" time="0.0">
    <ignored/>
  </testcase> <!-- annotationTestMethod3 -->
</testsuite> <!-- GroupTest -->
