<?xml version="1.0" encoding="UTF-8"?>
<!-- Generated by org.testng.reporters.JUnitXMLReporter -->
<testsuite ignored="2" hostname="Jp" failures="0" tests="2" name="GroupTest1" time="0.005" errors="0" timestamp="2022-03-23T21:16:24 PDT">
  <testcase classname="groupTest.NewTest2" name="annotationTestMethod1" time="0.001"/>
  <testcase classname="groupTest.NewTest2" name="annotationTestMethod2" time="0.001"/>
  <testcase classname="groupTest.NewTest2" name="annotationTestMethod3" time="0.0">
    <ignored/>
  </testcase> <!-- annotationTestMethod3 -->
  <testcase classname="groupTest.NewTest2" name="annotationTestMethod4" time="0.0">
    <ignored/>
  </testcase> <!-- annotationTestMethod4 -->
</testsuite> <!-- GroupTest1 -->
