<?xml version="1.0" encoding="UTF-8"?>
<!-- Generated by org.testng.reporters.JUnitXMLReporter -->
<testsuite ignored="1" hostname="Jp" failures="0" tests="1" name="openBrowserG" time="0.319" errors="0" timestamp="2022-03-22T21:57:19 PDT">
  <testcase classname="testNG.openBrowser" name="@BeforeTest initialiseBrowser" time="0.296">
    <failure type="java.lang.NoSuchMethodError" message="&amp;apos;com.google.common.collect.ImmutableMap com.google.common.collect.ImmutableMap.of(java.lang.Object, java.lang.Object, java.lang.Object, java.lang.Object, java.lang.Object, java.lang.Object, java.lang.Object, java.lang.Object, java.lang.Object, java.lang.Object, java.lang.Object, java.lang.Object)&amp;apos;">
      <![CDATA[java.lang.NoSuchMethodError: 'com.google.common.collect.ImmutableMap com.google.common.collect.ImmutableMap.of(java.lang.Object, java.lang.Object, java.lang.Object, java.lang.Object, java.lang.Object, java.lang.Object, java.lang.Object, java.lang.Object, java.lang.Object, java.lang.Object, java.lang.Object, java.lang.Object)'
at org.openqa.selenium.chrome.AddHasCasting.getAdditionalCommands(AddHasCasting.java:38)
at org.openqa.selenium.chrome.ChromeDriver$ChromeDriverCommandExecutor.getExtraCommands(ChromeDriver.java:123)
at org.openqa.selenium.chrome.ChromeDriver$ChromeDriverCommandExecutor.<init>(ChromeDriver.java:118)
at org.openqa.selenium.chrome.ChromeDriver.<init>(ChromeDriver.java:106)
at org.openqa.selenium.chrome.ChromeDriver.<init>(ChromeDriver.java:93)
at org.openqa.selenium.chrome.ChromeDriver.<init>(ChromeDriver.java:82)
at testNG.openBrowser.initialiseBrowser(openBrowser.java:32)
... Removed 24 stack frames]]>
    </failure>
  </testcase> <!-- @BeforeTest initialiseBrowser -->
  <testcase classname="testNG.openBrowser" name="@AfterTest tearDown" time="-1.648011439792E9">
    <skipped/>
  </testcase> <!-- @AfterTest tearDown -->
  <testcase classname="testNG.openBrowser" name="openGoogle" time="0.0">
    <skipped/>
  </testcase> <!-- openGoogle -->
  <testcase classname="testNG.openBrowser" name="openFB" time="0.0">
    <ignored/>
  </testcase> <!-- openFB -->
</testsuite> <!-- openBrowserG -->
