<?xml version="1.0" encoding="UTF-8"?>
<!-- Generated by org.testng.reporters.JUnitXMLReporter -->
<testsuite ignored="0" hostname="Jp" failures="0" tests="4" name="Test1" time="0.047" errors="0" timestamp="2022-03-27T22:57:18 PDT">
  <testcase classname="ParallelExecution_DataProvider.TestClass1" name="test1" time="0.007"/>
  <testcase classname="ParallelExecution_DataProvider.TestClass1" name="test2" time="0.001"/>
  <testcase classname="ParallelExecution_DataProvider.TestClass1" name="test3" time="0.0"/>
  <testcase classname="ParallelExecution_DataProvider.TestClass1" name="test4" time="0.0"/>
</testsuite> <!-- Test1 -->
