<?xml version="1.0" encoding="UTF-8"?>
<!-- Generated by org.testng.reporters.JUnitXMLReporter -->
<testsuite ignored="0" hostname="Jp" failures="0" tests="3" name="Test3" time="0.045" errors="0" timestamp="2022-03-27T22:57:18 PDT">
  <testcase classname="ParallelExecution_DataProvider.TestClass3" name="test1" time="0.007"/>
  <testcase classname="ParallelExecution_DataProvider.TestClass3" name="test2" time="0.0"/>
  <testcase classname="ParallelExecution_DataProvider.TestClass3" name="test3" time="0.001"/>
</testsuite> <!-- Test3 -->
