<?xml version="1.0" encoding="UTF-8"?>
<!-- Generated by org.testng.reporters.JUnitXMLReporter -->
<testsuite ignored="0" hostname="Jp" failures="0" tests="6" name="Test" time="0.04" errors="0" timestamp="2022-03-22T22:29:29 PDT">
  <testcase classname="testNG.FlightBookingTest" name="Signup" time="0.005"/>
  <testcase classname="testNG.FlightBookingTest" name="Login" time="0.0"/>
  <testcase classname="testNG.FlightBookingTest" name="SearchForTheFlight" time="0.001"/>
  <testcase classname="testNG.FlightBookingTest" name="BookTheTicket" time="0.001"/>
  <testcase classname="testNG.FlightBookingTest" name="SaveTheTicket" time="0.001"/>
  <testcase classname="testNG.FlightBookingTest" name="Logout" time="0.001"/>
</testsuite> <!-- Test -->
