<?xml version="1.0" encoding="UTF-8"?>
<testng-results ignored="0" total="2" passed="2" failed="0" skipped="0">
  <reporter-output>
  </reporter-output>
  <suite started-at="2022-04-20T16:13:21 PDT" name="Suite" finished-at="2022-04-20T16:13:38 PDT" duration-ms="16075">
    <groups>
    </groups>
    <test started-at="2022-04-20T16:13:21 PDT" name="Test" finished-at="2022-04-20T16:13:38 PDT" duration-ms="16075">
      <class name="testNG.openBrowser2">
        <test-method signature="openGoogle()[pri:1, instance:testNG.openBrowser2@4738a206]" started-at="2022-04-20T16:13:21 PDT" name="openGoogle" finished-at="2022-04-20T16:13:29 PDT" duration-ms="7932" status="PASS">
          <reporter-output>
          </reporter-output>
        </test-method> <!-- openGoogle -->
        <test-method signature="openFB()[pri:2, instance:testNG.openBrowser2@4738a206]" started-at="2022-04-20T16:13:29 PDT" name="openFB" finished-at="2022-04-20T16:13:38 PDT" duration-ms="8112" status="PASS">
          <reporter-output>
          </reporter-output>
        </test-method> <!-- openFB -->
      </class> <!-- testNG.openBrowser2 -->
    </test> <!-- Test -->
  </suite> <!-- Suite -->
</testng-results>
