<?xml version="1.0" encoding="UTF-8"?>
<!-- Generated by org.testng.reporters.JUnitXMLReporter -->
<testsuite ignored="0" hostname="Jp" failures="0" tests="3" name="BrowserStack - FF" time="85.878" errors="0" timestamp="2022-04-20T11:21:25 PDT">
  <testcase classname="testsOnCloud.testGridOnBrowserStack" name="addToCart" time="5.181"/>
  <testcase classname="testsOnCloud.testGridOnBrowserStack" name="inventoryCount" time="4.638"/>
  <testcase classname="testsOnCloud.testGridOnBrowserStack" name="loginSauceLabs" time="2.469"/>
</testsuite> <!-- BrowserStack - FF -->
