<?xml version="1.0" encoding="UTF-8"?>
<!-- Generated by org.testng.reporters.JUnitXMLReporter -->
<testsuite ignored="0" hostname="Jp" failures="0" tests="3" name="BrowserStack - chrome" time="43.224" errors="0" timestamp="2022-04-20T11:20:42 PDT">
  <testcase classname="testsOnCloud.testGridOnBrowserStack" name="addToCart" time="3.48"/>
  <testcase classname="testsOnCloud.testGridOnBrowserStack" name="inventoryCount" time="2.748"/>
  <testcase classname="testsOnCloud.testGridOnBrowserStack" name="loginSauceLabs" time="2.225"/>
</testsuite> <!-- BrowserStack - chrome -->
